# JRE version: OpenJDK Runtime Environment Zulu11.43+55-CA (11.0.9.1+1) (build 11.0.9.1+1-LTS)
# Java VM: OpenJDK 64-Bit Server VM Zulu11.43+55-CA (11.0.9.1+1-LTS, mixed mode, tiered, g1 gc, bsd-amd64)
Heap:
 garbage-first heap   total 172032K, used 67733K [0x00000001cd800000, 0x0000000e4d800000)
  region size 8192K, 5 young (40960K), 1 survivors (8192K)
 Metaspace       used 28690K, capacity 29025K, committed 29184K, reserved 30720K
GC Heap History (20 events):
Event: 402.908 GC heap before
{Heap before GC invocations=801 (full 280):
 garbage-first heap   total 172032K, used 113149K [0x00000001cd800000, 0x0000000e4d800000)
  region size 8192K, 10 young (81920K), 1 survivors (8192K)
 Metaspace       used 28657K, capacity 29025K, committed 29184K, reserved 30720K
}
Event: 402.910 GC heap after
{Heap after GC invocations=802 (full 280):
 garbage-first heap   total 172032K, used 43851K [0x00000001cd800000, 0x0000000e4d800000)
  region size 8192K, 2 young (16384K), 2 survivors (16384K)
 Metaspace       used 28657K, capacity 29025K, committed 29184K, reserved 30720K
}
Event: 403.550 GC heap before
{Heap before GC invocations=802 (full 280):
 garbage-first heap   total 172032K, used 109387K [0x00000001cd800000, 0x0000000e4d800000)
  region size 8192K, 10 young (81920K), 2 survivors (16384K)
 Metaspace       used 28660K, capacity 29025K, committed 29184K, reserved 30720K
}
Event: 403.552 GC heap after
{Heap after GC invocations=803 (full 280):
 garbage-first heap   total 172032K, used 43369K [0x00000001cd800000, 0x0000000e4d800000)
  region size 8192K, 1 young (8192K), 1 survivors (8192K)
 Metaspace       used 28660K, capacity 29025K, committed 29184K, reserved 30720K
}
Event: 404.191 GC heap before
{Heap before GC invocations=803 (full 280):
 garbage-first heap   total 172032K, used 100713K [0x00000001cd800000, 0x0000000e4d800000)
  region size 8192K, 9 young (73728K), 1 survivors (8192K)
 Metaspace       used 28660K, capacity 29025K, committed 29184K, reserved 30720K
}
Event: 404.191 GC heap after
{Heap after GC invocations=804 (full 280):
 garbage-first heap   total 172032K, used 39314K [0x00000001cd800000, 0x0000000e4d800000)
  region size 8192K, 1 young (8192K), 1 survivors (8192K)
 Metaspace       used 28660K, capacity 29025K, committed 29184K, reserved 30720K
}
Event: 404.884 GC heap before
{Heap before GC invocations=804 (full 280):
 garbage-first heap   total 172032K, used 113042K [0x00000001cd800000, 0x0000000e4d800000)
  region size 8192K, 10 young (81920K), 1 survivors (8192K)
 Metaspace       used 28660K, capacity 29025K, committed 29184K, reserved 30720K
}
Event: 404.885 GC heap after
{Heap after GC invocations=805 (full 280):
 garbage-first heap   total 172032K, used 43204K [0x00000001cd800000, 0x0000000e4d800000)
  region size 8192K, 1 young (8192K), 1 survivors (8192K)
 Metaspace       used 28660K, capacity 29025K, committed 29184K, reserved 30720K
}
Event: 405.582 GC heap before
{Heap before GC invocations=805 (full 280):
 garbage-first heap   total 172032K, used 116932K [0x00000001cd800000, 0x0000000e4d800000)
  region size 8192K, 10 young (81920K), 1 survivors (8192K)
 Metaspace       used 28679K, capacity 29025K, committed 29184K, reserved 30720K
}
Event: 405.583 GC heap after
{Heap after GC invocations=806 (full 280):
 garbage-first heap   total 172032K, used 43221K [0x00000001cd800000, 0x0000000e4d800000)
  region size 8192K, 1 young (8192K), 1 survivors (8192K)
 Metaspace       used 28679K, capacity 29025K, committed 29184K, reserved 30720K
}
Event: 406.403 GC heap before
{Heap before GC invocations=806 (full 280):
 garbage-first heap   total 172032K, used 108757K [0x00000001cd800000, 0x0000000e4d800000)
  region size 8192K, 10 young (81920K), 1 survivors (8192K)
 Metaspace       used 28679K, capacity 29025K, committed 29184K, reserved 30720K
}
Event: 406.404 GC heap after
{Heap after GC invocations=807 (full 280):
 garbage-first heap   total 172032K, used 39118K [0x00000001cd800000, 0x0000000e4d800000)
  region size 8192K, 1 young (8192K), 1 survivors (8192K)
 Metaspace       used 28679K, capacity 29025K, committed 29184K, reserved 30720K
}
Event: 407.109 GC heap before
{Heap before GC invocations=807 (full 280):
 garbage-first heap   total 172032K, used 112846K [0x00000001cd800000, 0x0000000e4d800000)
  region size 8192K, 10 young (81920K), 1 survivors (8192K)
 Metaspace       used 28679K, capacity 29025K, committed 29184K, reserved 30720K
}
Event: 407.111 GC heap after
{Heap after GC invocations=808 (full 280):
 garbage-first heap   total 172032K, used 43154K [0x00000001cd800000, 0x0000000e4d800000)
  region size 8192K, 1 young (8192K), 1 survivors (8192K)
 Metaspace       used 28679K, capacity 29025K, committed 29184K, reserved 30720K
}
Event: 407.849 GC heap before
{Heap before GC invocations=808 (full 280):
 garbage-first heap   total 172032K, used 116882K [0x00000001cd800000, 0x0000000e4d800000)
  region size 8192K, 10 young (81920K), 1 survivors (8192K)
 Metaspace       used 28679K, capacity 29025K, committed 29184K, reserved 30720K
}
Event: 407.850 GC heap after
{Heap after GC invocations=809 (full 280):
 garbage-first heap   total 172032K, used 43151K [0x00000001cd800000, 0x0000000e4d800000)
  region size 8192K, 1 young (8192K), 1 survivors (8192K)
 Metaspace       used 28679K, capacity 29025K, committed 29184K, reserved 30720K
}
Event: 408.698 GC heap before
{Heap before GC invocations=809 (full 280):
 garbage-first heap   total 172032K, used 108687K [0x00000001cd800000, 0x0000000e4d800000)
  region size 8192K, 10 young (81920K), 1 survivors (8192K)
 Metaspace       used 28679K, capacity 29025K, committed 29184K, reserved 30720K
}
Event: 408.699 GC heap after
{Heap after GC invocations=810 (full 280):
 garbage-first heap   total 172032K, used 39100K [0x00000001cd800000, 0x0000000e4d800000)
  region size 8192K, 1 young (8192K), 1 survivors (8192K)
 Metaspace       used 28679K, capacity 29025K, committed 29184K, reserved 30720K
}
Event: 409.445 GC heap before
{Heap before GC invocations=810 (full 280):
 garbage-first heap   total 172032K, used 112828K [0x00000001cd800000, 0x0000000e4d800000)
  region size 8192K, 10 young (81920K), 1 survivors (8192K)
 Metaspace       used 28679K, capacity 29025K, committed 29184K, reserved 30720K
}
Event: 409.446 GC heap after
{Heap after GC invocations=811 (full 280):
 garbage-first heap   total 172032K, used 43157K [0x00000001cd800000, 0x0000000e4d800000)
  region size 8192K, 1 young (8192K), 1 survivors (8192K)
 Metaspace       used 28679K, capacity 29025K, committed 29184K, reserved 30720K
}

