# JRE version: OpenJDK Runtime Environment Zulu11.43+55-CA (11.0.9.1+1) (build 11.0.9.1+1-LTS)
# Java VM: OpenJDK 64-Bit Server VM Zulu11.43+55-CA (11.0.9.1+1-LTS, mixed mode, tiered, g1 gc, bsd-amd64)
Heap:
 garbage-first heap   total 557056K, used 169527K [0x00000001ca800000, 0x0000000e4a800000)
  region size 8192K, 21 young (172032K), 1 survivors (8192K)
 Metaspace       used 27871K, capacity 28204K, committed 28416K, reserved 28672K
GC Heap History (20 events):
Event: 71.626 GC heap before
{Heap before GC invocations=315 (full 70):
 garbage-first heap   total 57344K, used 22069K [0x00000001ca800000, 0x0000000e4a800000)
  region size 8192K, 2 young (16384K), 1 survivors (8192K)
 Metaspace       used 27838K, capacity 28204K, committed 28416K, reserved 28672K
}
Event: 71.627 GC heap after
{Heap after GC invocations=316 (full 70):
 garbage-first heap   total 57344K, used 13877K [0x00000001ca800000, 0x0000000e4a800000)
  region size 8192K, 1 young (8192K), 1 survivors (8192K)
 Metaspace       used 27838K, capacity 28204K, committed 28416K, reserved 28672K
}
Event: 71.758 GC heap before
{Heap before GC invocations=316 (full 70):
 garbage-first heap   total 57344K, used 22069K [0x00000001ca800000, 0x0000000e4a800000)
  region size 8192K, 2 young (16384K), 1 survivors (8192K)
 Metaspace       used 27838K, capacity 28204K, committed 28416K, reserved 28672K
}
Event: 71.759 GC heap after
{Heap after GC invocations=317 (full 70):
 garbage-first heap   total 57344K, used 13877K [0x00000001ca800000, 0x0000000e4a800000)
  region size 8192K, 1 young (8192K), 1 survivors (8192K)
 Metaspace       used 27838K, capacity 28204K, committed 28416K, reserved 28672K
}
Event: 71.824 GC heap before
{Heap before GC invocations=317 (full 70):
 garbage-first heap   total 57344K, used 22069K [0x00000001ca800000, 0x0000000e4a800000)
  region size 8192K, 2 young (16384K), 1 survivors (8192K)
 Metaspace       used 27838K, capacity 28204K, committed 28416K, reserved 28672K
}
Event: 71.825 GC heap after
{Heap after GC invocations=318 (full 70):
 garbage-first heap   total 57344K, used 13877K [0x00000001ca800000, 0x0000000e4a800000)
  region size 8192K, 1 young (8192K), 1 survivors (8192K)
 Metaspace       used 27838K, capacity 28204K, committed 28416K, reserved 28672K
}
Event: 71.890 GC heap before
{Heap before GC invocations=318 (full 70):
 garbage-first heap   total 57344K, used 22069K [0x00000001ca800000, 0x0000000e4a800000)
  region size 8192K, 2 young (16384K), 1 survivors (8192K)
 Metaspace       used 27838K, capacity 28204K, committed 28416K, reserved 28672K
}
Event: 71.890 GC heap after
{Heap after GC invocations=319 (full 70):
 garbage-first heap   total 57344K, used 13877K [0x00000001ca800000, 0x0000000e4a800000)
  region size 8192K, 1 young (8192K), 1 survivors (8192K)
 Metaspace       used 27838K, capacity 28204K, committed 28416K, reserved 28672K
}
Event: 71.960 GC heap before
{Heap before GC invocations=319 (full 70):
 garbage-first heap   total 57344K, used 22069K [0x00000001ca800000, 0x0000000e4a800000)
  region size 8192K, 2 young (16384K), 1 survivors (8192K)
 Metaspace       used 27838K, capacity 28204K, committed 28416K, reserved 28672K
}
Event: 71.961 GC heap after
{Heap after GC invocations=320 (full 70):
 garbage-first heap   total 57344K, used 13877K [0x00000001ca800000, 0x0000000e4a800000)
  region size 8192K, 1 young (8192K), 1 survivors (8192K)
 Metaspace       used 27838K, capacity 28204K, committed 28416K, reserved 28672K
}
Event: 72.093 GC heap before
{Heap before GC invocations=320 (full 70):
 garbage-first heap   total 57344K, used 22069K [0x00000001ca800000, 0x0000000e4a800000)
  region size 8192K, 2 young (16384K), 1 survivors (8192K)
 Metaspace       used 27838K, capacity 28204K, committed 28416K, reserved 28672K
}
Event: 72.094 GC heap after
{Heap after GC invocations=321 (full 70):
 garbage-first heap   total 57344K, used 13877K [0x00000001ca800000, 0x0000000e4a800000)
  region size 8192K, 1 young (8192K), 1 survivors (8192K)
 Metaspace       used 27838K, capacity 28204K, committed 28416K, reserved 28672K
}
Event: 72.160 GC heap before
{Heap before GC invocations=321 (full 70):
 garbage-first heap   total 57344K, used 22069K [0x00000001ca800000, 0x0000000e4a800000)
  region size 8192K, 2 young (16384K), 1 survivors (8192K)
 Metaspace       used 27838K, capacity 28204K, committed 28416K, reserved 28672K
}
Event: 72.161 GC heap after
{Heap after GC invocations=322 (full 70):
 garbage-first heap   total 57344K, used 13877K [0x00000001ca800000, 0x0000000e4a800000)
  region size 8192K, 1 young (8192K), 1 survivors (8192K)
 Metaspace       used 27838K, capacity 28204K, committed 28416K, reserved 28672K
}
Event: 72.226 GC heap before
{Heap before GC invocations=322 (full 70):
 garbage-first heap   total 57344K, used 13877K [0x00000001ca800000, 0x0000000e4a800000)
  region size 8192K, 2 young (16384K), 1 survivors (8192K)
 Metaspace       used 27838K, capacity 28204K, committed 28416K, reserved 28672K
}
Event: 72.227 GC heap after
{Heap after GC invocations=323 (full 70):
 garbage-first heap   total 57344K, used 13877K [0x00000001ca800000, 0x0000000e4a800000)
  region size 8192K, 1 young (8192K), 1 survivors (8192K)
 Metaspace       used 27838K, capacity 28204K, committed 28416K, reserved 28672K
}
Event: 72.293 GC heap before
{Heap before GC invocations=323 (full 70):
 garbage-first heap   total 57344K, used 22069K [0x00000001ca800000, 0x0000000e4a800000)
  region size 8192K, 2 young (16384K), 1 survivors (8192K)
 Metaspace       used 27838K, capacity 28204K, committed 28416K, reserved 28672K
}
Event: 72.295 GC heap after
{Heap after GC invocations=324 (full 70):
 garbage-first heap   total 557056K, used 13877K [0x00000001ca800000, 0x0000000e4a800000)
  region size 8192K, 1 young (8192K), 1 survivors (8192K)
 Metaspace       used 27838K, capacity 28204K, committed 28416K, reserved 28672K
}
Event: 75.746 GC heap before
{Heap before GC invocations=324 (full 70):
 garbage-first heap   total 557056K, used 325173K [0x00000001ca800000, 0x0000000e4a800000)
  region size 8192K, 40 young (327680K), 1 survivors (8192K)
 Metaspace       used 27860K, capacity 28204K, committed 28416K, reserved 28672K
}
Event: 75.749 GC heap after
{Heap after GC invocations=325 (full 70):
 garbage-first heap   total 557056K, used 13879K [0x00000001ca800000, 0x0000000e4a800000)
  region size 8192K, 1 young (8192K), 1 survivors (8192K)
 Metaspace       used 27860K, capacity 28204K, committed 28416K, reserved 28672K
}

