# JRE version: OpenJDK Runtime Environment Zulu11.43+55-CA (11.0.9.1+1) (build 11.0.9.1+1-LTS)
# Java VM: OpenJDK 64-Bit Server VM Zulu11.43+55-CA (11.0.9.1+1-LTS, mixed mode, tiered, g1 gc, bsd-amd64)
Heap:
 garbage-first heap   total 1630208K, used 404119K [0x00000001cb000000, 0x0000000e4b000000)
  region size 8192K, 3 young (24576K), 1 survivors (8192K)
 Metaspace       used 28526K, capacity 28957K, committed 29184K, reserved 30720K
GC Heap History (20 events):
Event: 42790.878 GC heap before
{Heap before GC invocations=1158 (full 140):
 garbage-first heap   total 1630208K, used 707187K [0x00000001cb000000, 0x0000000e4b000000)
  region size 8192K, 2 young (16384K), 1 survivors (8192K)
 Metaspace       used 28514K, capacity 28957K, committed 29184K, reserved 30720K
}
Event: 42790.880 GC heap after
{Heap after GC invocations=1159 (full 140):
 garbage-first heap   total 1630208K, used 19062K [0x00000001cb000000, 0x0000000e4b000000)
  region size 8192K, 1 young (8192K), 1 survivors (8192K)
 Metaspace       used 28514K, capacity 28957K, committed 29184K, reserved 30720K
}
Event: 43114.789 GC heap before
{Heap before GC invocations=1160 (full 140):
 garbage-first heap   total 1630208K, used 723574K [0x00000001cb000000, 0x0000000e4b000000)
  region size 8192K, 4 young (32768K), 1 survivors (8192K)
 Metaspace       used 28524K, capacity 28969K, committed 29184K, reserved 30720K
}
Event: 43114.792 GC heap after
{Heap after GC invocations=1161 (full 140):
 garbage-first heap   total 1630208K, used 19069K [0x00000001cb000000, 0x0000000e4b000000)
  region size 8192K, 1 young (8192K), 1 survivors (8192K)
 Metaspace       used 28524K, capacity 28969K, committed 29184K, reserved 30720K
}
Event: 43117.580 GC heap before
{Heap before GC invocations=1162 (full 140):
 garbage-first heap   total 1630208K, used 707197K [0x00000001cb000000, 0x0000000e4b000000)
  region size 8192K, 2 young (16384K), 1 survivors (8192K)
 Metaspace       used 28514K, capacity 28957K, committed 29184K, reserved 30720K
}
Event: 43117.582 GC heap after
{Heap after GC invocations=1163 (full 140):
 garbage-first heap   total 1630208K, used 19072K [0x00000001cb000000, 0x0000000e4b000000)
  region size 8192K, 1 young (8192K), 1 survivors (8192K)
 Metaspace       used 28514K, capacity 28957K, committed 29184K, reserved 30720K
}
Event: 43435.106 GC heap before
{Heap before GC invocations=1164 (full 140):
 garbage-first heap   total 1630208K, used 723584K [0x00000001cb000000, 0x0000000e4b000000)
  region size 8192K, 4 young (32768K), 1 survivors (8192K)
 Metaspace       used 28524K, capacity 28969K, committed 29184K, reserved 30720K
}
Event: 43435.108 GC heap after
{Heap after GC invocations=1165 (full 140):
 garbage-first heap   total 1630208K, used 19073K [0x00000001cb000000, 0x0000000e4b000000)
  region size 8192K, 1 young (8192K), 1 survivors (8192K)
 Metaspace       used 28524K, capacity 28969K, committed 29184K, reserved 30720K
}
Event: 43437.819 GC heap before
{Heap before GC invocations=1166 (full 140):
 garbage-first heap   total 1630208K, used 707201K [0x00000001cb000000, 0x0000000e4b000000)
  region size 8192K, 2 young (16384K), 1 survivors (8192K)
 Metaspace       used 28514K, capacity 28957K, committed 29184K, reserved 30720K
}
Event: 43437.820 GC heap after
{Heap after GC invocations=1167 (full 140):
 garbage-first heap   total 1630208K, used 19084K [0x00000001cb000000, 0x0000000e4b000000)
  region size 8192K, 1 young (8192K), 1 survivors (8192K)
 Metaspace       used 28514K, capacity 28957K, committed 29184K, reserved 30720K
}
Event: 43752.909 GC heap before
{Heap before GC invocations=1168 (full 140):
 garbage-first heap   total 1630208K, used 723596K [0x00000001cb000000, 0x0000000e4b000000)
  region size 8192K, 4 young (32768K), 1 survivors (8192K)
 Metaspace       used 28524K, capacity 28969K, committed 29184K, reserved 30720K
}
Event: 43752.911 GC heap after
{Heap after GC invocations=1169 (full 140):
 garbage-first heap   total 1630208K, used 19080K [0x00000001cb000000, 0x0000000e4b000000)
  region size 8192K, 1 young (8192K), 1 survivors (8192K)
 Metaspace       used 28524K, capacity 28969K, committed 29184K, reserved 30720K
}
Event: 43756.418 GC heap before
{Heap before GC invocations=1170 (full 140):
 garbage-first heap   total 1630208K, used 707208K [0x00000001cb000000, 0x0000000e4b000000)
  region size 8192K, 2 young (16384K), 1 survivors (8192K)
 Metaspace       used 28514K, capacity 28957K, committed 29184K, reserved 30720K
}
Event: 43756.420 GC heap after
{Heap after GC invocations=1171 (full 140):
 garbage-first heap   total 1630208K, used 19082K [0x00000001cb000000, 0x0000000e4b000000)
  region size 8192K, 1 young (8192K), 1 survivors (8192K)
 Metaspace       used 28514K, capacity 28957K, committed 29184K, reserved 30720K
}
Event: 43759.209 GC heap before
{Heap before GC invocations=1172 (full 140):
 garbage-first heap   total 1630208K, used 707210K [0x00000001cb000000, 0x0000000e4b000000)
  region size 8192K, 2 young (16384K), 1 survivors (8192K)
 Metaspace       used 28514K, capacity 28957K, committed 29184K, reserved 30720K
}
Event: 43759.211 GC heap after
{Heap after GC invocations=1173 (full 140):
 garbage-first heap   total 1630208K, used 19089K [0x00000001cb000000, 0x0000000e4b000000)
  region size 8192K, 1 young (8192K), 1 survivors (8192K)
 Metaspace       used 28514K, capacity 28957K, committed 29184K, reserved 30720K
}
Event: 44050.035 GC heap before
{Heap before GC invocations=1174 (full 140):
 garbage-first heap   total 1630208K, used 723601K [0x00000001cb000000, 0x0000000e4b000000)
  region size 8192K, 4 young (32768K), 1 survivors (8192K)
 Metaspace       used 28524K, capacity 28969K, committed 29184K, reserved 30720K
}
Event: 44050.037 GC heap after
{Heap after GC invocations=1175 (full 140):
 garbage-first heap   total 1630208K, used 19090K [0x00000001cb000000, 0x0000000e4b000000)
  region size 8192K, 1 young (8192K), 1 survivors (8192K)
 Metaspace       used 28524K, capacity 28969K, committed 29184K, reserved 30720K
}
Event: 44052.833 GC heap before
{Heap before GC invocations=1176 (full 140):
 garbage-first heap   total 1630208K, used 707218K [0x00000001cb000000, 0x0000000e4b000000)
  region size 8192K, 2 young (16384K), 1 survivors (8192K)
 Metaspace       used 28514K, capacity 28957K, committed 29184K, reserved 30720K
}
Event: 44052.835 GC heap after
{Heap after GC invocations=1177 (full 140):
 garbage-first heap   total 1630208K, used 19095K [0x00000001cb000000, 0x0000000e4b000000)
  region size 8192K, 1 young (8192K), 1 survivors (8192K)
 Metaspace       used 28514K, capacity 28957K, committed 29184K, reserved 30720K
}

